This is pdfTeX, Version 3.1415926-2.4-1.40.13 (MiKTeX 2.9 64-bit) (preloaded format=pdflatex 2017.3.3)  14 MAR 2017 18:05
entering extended mode
**ci_report.tex
("C:\Users\Jeffin Jacob\Documents\GitHub\LogicBaker\final report\ci_report.tex"
LaTeX2e <2011/06/27>
Babel <v3.8m> and hyphenation patterns for english, afrikaans, ancientgreek, ar
abic, armenian, assamese, basque, bengali, bokmal, bulgarian, catalan, coptic, 
croatian, czech, danish, dutch, esperanto, estonian, farsi, finnish, french, ga
lician, german, german-x-2012-05-30, greek, gujarati, hindi, hungarian, iceland
ic, indonesian, interlingua, irish, italian, kannada, kurmanji, latin, latvian,
 lithuanian, malayalam, marathi, mongolian, mongolianlmc, monogreek, ngerman, n
german-x-2012-05-30, nynorsk, oriya, panjabi, pinyin, polish, portuguese, roman
ian, russian, sanskrit, serbian, slovak, slovenian, spanish, swedish, swissgerm
an, tamil, telugu, turkish, turkmen, ukenglish, ukrainian, uppersorbian, usengl
ishmax, welsh, loaded.
("C:\Program Files\MiKTeX 2.9\tex\latex\base\report.cls"
Document Class: report 2007/10/19 v1.4h Standard LaTeX document class
("C:\Program Files\MiKTeX 2.9\tex\latex\base\size12.clo"
File: size12.clo 2007/10/19 v1.4h Standard LaTeX file (size option)
)
\c@part=\count79
\c@chapter=\count80
\c@section=\count81
\c@subsection=\count82
\c@subsubsection=\count83
\c@paragraph=\count84
\c@subparagraph=\count85
\c@figure=\count86
\c@table=\count87
\abovecaptionskip=\skip41
\belowcaptionskip=\skip42
\bibindent=\dimen102
)
("C:\Program Files\MiKTeX 2.9\tex\latex\tools\indentfirst.sty"
Package: indentfirst 1995/11/23 v1.03 Indent first paragraph (DPC)
)
("C:\Program Files\MiKTeX 2.9\tex\latex\psnfss\times.sty"
Package: times 2005/04/12 PSNFSS-v9.2a (SPQR) 
)
("C:\Program Files\MiKTeX 2.9\tex\latex\datetime\datetime.sty"
Package: datetime 2010/09/21 v2.58 Date Time Package

("C:\Program Files\MiKTeX 2.9\tex\latex\fmtcount\fmtcount.sty"
Package: fmtcount 2012/10/24 v2.02

("C:\Program Files\MiKTeX 2.9\tex\latex\base\ifthen.sty"
Package: ifthen 2001/05/26 v1.1c Standard LaTeX ifthen package (DPC)
)
("C:\Program Files\MiKTeX 2.9\tex\latex\graphics\keyval.sty"
Package: keyval 1999/03/16 v1.13 key=value parser (DPC)
\KV@toks@=\toks14
)
("C:\Program Files\MiKTeX 2.9\tex\latex\etoolbox\etoolbox.sty"
Package: etoolbox 2011/01/03 v2.1 e-TeX tools for LaTeX

("C:\Program Files\MiKTeX 2.9\tex\latex\misc\etex.sty"
Package: etex 1998/03/26 v2.0 eTeX basic definition package (PEB)
\et@xins=\count88
)
\etb@tempcnta=\count89
)
("C:\Program Files\MiKTeX 2.9\tex\latex\fmtcount\fcprefix.sty"
Package: fcprefix 2012/09/28

("C:\Program Files\MiKTeX 2.9\tex\latex\fmtcount\fcnumparser.sty"
Package: fcnumparser 2012/09/28
\fc@digit@counter=\count90
))
("C:\Program Files\MiKTeX 2.9\tex\latex\amsmath\amsgen.sty"
File: amsgen.sty 1999/11/30 v2.0
\@emptytoks=\toks15
\ex@=\dimen103
)
\c@padzeroesN=\count91
\fc@tmpcatcode=\count92
\@DT@modctr=\count93
\@ordinalctr=\count94
\@orgargctr=\count95
\@strctr=\count96
\@tmpstrctr=\count97
\@DT@loopN=\count98
\@DT@X=\count99

("C:\Program Files\MiKTeX 2.9\tex\latex\fmtcount\fc-english.def"
File: fc-english.def 2012/06/18
))
\@day=\count100
\@month=\count101
\@year=\count102
\c@HOUR=\count103
\c@HOURXII=\count104
\c@MINUTE=\count105
\c@TOHOUR=\count106
\c@TOMINUTE=\count107
\c@SECOND=\count108
\currenthour=\count109
\currentminute=\count110
\currentsecond=\count111
Package datetime Info: No datetime.cfg file found, using default settings on in
put line 292.
\@dtctr=\count112
\dayofyear=\count113
\dayofweek=\count114
LaTeX Info: Redefining \today on input line 724.
\dt@a=\toks16
\dt@b=\toks17
)
("C:\Program Files\MiKTeX 2.9\tex\latex\anysize\anysize.sty"
Package: anysize 1994/08/13 setting margin sizes

document style option `anysize' loaded
Michael Salzenberg, Thomas Esser, Dirk Hillbrecht
Version 1.0, Aug 13, 1994
\@Leftmargin=\dimen104
\@Rightmargin=\dimen105
\@Topmargin=\dimen106
\@Bottommargin=\dimen107
) ("C:\Program Files\MiKTeX 2.9\tex\latex\graphics\graphics.sty"
Package: graphics 2009/02/05 v1.0o Standard LaTeX Graphics (DPC,SPQR)

("C:\Program Files\MiKTeX 2.9\tex\latex\graphics\trig.sty"
Package: trig 1999/03/16 v1.09 sin cos tan (DPC)
)
("C:\Program Files\MiKTeX 2.9\tex\latex\00miktex\graphics.cfg"
File: graphics.cfg 2007/01/18 v1.5 graphics configuration of teTeX/TeXLive
)
Package graphics Info: Driver file: pdftex.def on input line 91.

("C:\Program Files\MiKTeX 2.9\tex\latex\pdftex-def\pdftex.def"
File: pdftex.def 2011/05/27 v0.06d Graphics/color for pdfTeX

("C:\Program Files\MiKTeX 2.9\tex\generic\oberdiek\infwarerr.sty"
Package: infwarerr 2010/04/08 v1.3 Providing info/warning/error messages (HO)
)
("C:\Program Files\MiKTeX 2.9\tex\generic\oberdiek\ltxcmds.sty"
Package: ltxcmds 2011/11/09 v1.22 LaTeX kernel commands for general use (HO)
)
\Gread@gobject=\count115
))
("C:\Program Files\MiKTeX 2.9\tex\latex\appendix\appendix.sty"
Package: appendix 2009/09/02 v1.2b extra appendix facilities
\c@@pps=\count116
\c@@ppsavesec=\count117
\c@@ppsaveapp=\count118
)
("C:\Program Files\MiKTeX 2.9\tex\latex\graphics\graphicx.sty"
Package: graphicx 1999/02/16 v1.0f Enhanced LaTeX Graphics (DPC,SPQR)
\Gin@req@height=\dimen108
\Gin@req@width=\dimen109
)
("C:\Program Files\MiKTeX 2.9\tex\latex\ltxmisc\url.sty"
\Urlmuskip=\muskip10
Package: url 2006/04/12  ver 3.3  Verb mode for urls, etc.
)
("C:\Program Files\MiKTeX 2.9\tex\latex\graphics\epsfig.sty"
Package: epsfig 1999/02/16 v1.7a (e)psfig emulation (SPQR)
\epsfxsize=\dimen110
\epsfysize=\dimen111
)
("C:\Program Files\MiKTeX 2.9\tex\latex\amsmath\amsmath.sty"
Package: amsmath 2013/01/14 v2.14 AMS math features
\@mathmargin=\skip43

For additional information on amsmath, use the `?' option.
("C:\Program Files\MiKTeX 2.9\tex\latex\amsmath\amstext.sty"
Package: amstext 2000/06/29 v2.01
)
("C:\Program Files\MiKTeX 2.9\tex\latex\amsmath\amsbsy.sty"
Package: amsbsy 1999/11/29 v1.2d
\pmbraise@=\dimen112
)
("C:\Program Files\MiKTeX 2.9\tex\latex\amsmath\amsopn.sty"
Package: amsopn 1999/12/14 v2.01 operator names
)
\inf@bad=\count119
LaTeX Info: Redefining \frac on input line 210.
\uproot@=\count120
\leftroot@=\count121
LaTeX Info: Redefining \overline on input line 306.
\classnum@=\count122
\DOTSCASE@=\count123
LaTeX Info: Redefining \ldots on input line 378.
LaTeX Info: Redefining \dots on input line 381.
LaTeX Info: Redefining \cdots on input line 466.
\Mathstrutbox@=\box26
\strutbox@=\box27
\big@size=\dimen113
LaTeX Font Info:    Redeclaring font encoding OML on input line 566.
LaTeX Font Info:    Redeclaring font encoding OMS on input line 567.
\macc@depth=\count124
\c@MaxMatrixCols=\count125
\dotsspace@=\muskip11
\c@parentequation=\count126
\dspbrk@lvl=\count127
\tag@help=\toks18
\row@=\count128
\column@=\count129
\maxfields@=\count130
\andhelp@=\toks19
\eqnshift@=\dimen114
\alignsep@=\dimen115
\tagshift@=\dimen116
\tagwidth@=\dimen117
\totwidth@=\dimen118
\lineht@=\dimen119
\@envbody=\toks20
\multlinegap=\skip44
\multlinetaggap=\skip45
\mathdisplay@stack=\toks21
LaTeX Info: Redefining \[ on input line 2665.
LaTeX Info: Redefining \] on input line 2666.
)
("C:\Program Files\MiKTeX 2.9\tex\latex\amsfonts\amsfonts.sty"
Package: amsfonts 2013/01/14 v3.01 Basic AMSFonts support
\symAMSa=\mathgroup4
\symAMSb=\mathgroup5
LaTeX Font Info:    Overwriting math alphabet `\mathfrak' in version `bold'
(Font)                  U/euf/m/n --> U/euf/b/n on input line 106.
)
("C:\Program Files\MiKTeX 2.9\tex\latex\base\textcomp.sty"
Package: textcomp 2005/09/27 v1.99g Standard LaTeX package
Package textcomp Info: Sub-encoding information:
(textcomp)               5 = only ISO-Adobe without \textcurrency
(textcomp)               4 = 5 + \texteuro
(textcomp)               3 = 4 + \textohm
(textcomp)               2 = 3 + \textestimated + \textcurrency
(textcomp)               1 = TS1 - \textcircled - \t
(textcomp)               0 = TS1 (full)
(textcomp)             Font families with sub-encoding setting implement
(textcomp)             only a restricted character set as indicated.
(textcomp)             Family '?' is the default used for unknown fonts.
(textcomp)             See the documentation for details.
Package textcomp Info: Setting ? sub-encoding to TS1/1 on input line 71.

("C:\Program Files\MiKTeX 2.9\tex\latex\base\ts1enc.def"
File: ts1enc.def 2001/06/05 v3.0e (jk/car/fm) Standard LaTeX file
)
LaTeX Info: Redefining \oldstylenums on input line 266.
Package textcomp Info: Setting cmr sub-encoding to TS1/0 on input line 281.
Package textcomp Info: Setting cmss sub-encoding to TS1/0 on input line 282.
Package textcomp Info: Setting cmtt sub-encoding to TS1/0 on input line 283.
Package textcomp Info: Setting cmvtt sub-encoding to TS1/0 on input line 284.
Package textcomp Info: Setting cmbr sub-encoding to TS1/0 on input line 285.
Package textcomp Info: Setting cmtl sub-encoding to TS1/0 on input line 286.
Package textcomp Info: Setting ccr sub-encoding to TS1/0 on input line 287.
Package textcomp Info: Setting ptm sub-encoding to TS1/4 on input line 288.
Package textcomp Info: Setting pcr sub-encoding to TS1/4 on input line 289.
Package textcomp Info: Setting phv sub-encoding to TS1/4 on input line 290.
Package textcomp Info: Setting ppl sub-encoding to TS1/3 on input line 291.
Package textcomp Info: Setting pag sub-encoding to TS1/4 on input line 292.
Package textcomp Info: Setting pbk sub-encoding to TS1/4 on input line 293.
Package textcomp Info: Setting pnc sub-encoding to TS1/4 on input line 294.
Package textcomp Info: Setting pzc sub-encoding to TS1/4 on input line 295.
Package textcomp Info: Setting bch sub-encoding to TS1/4 on input line 296.
Package textcomp Info: Setting put sub-encoding to TS1/5 on input line 297.
Package textcomp Info: Setting uag sub-encoding to TS1/5 on input line 298.
Package textcomp Info: Setting ugq sub-encoding to TS1/5 on input line 299.
Package textcomp Info: Setting ul8 sub-encoding to TS1/4 on input line 300.
Package textcomp Info: Setting ul9 sub-encoding to TS1/4 on input line 301.
Package textcomp Info: Setting augie sub-encoding to TS1/5 on input line 302.
Package textcomp Info: Setting dayrom sub-encoding to TS1/3 on input line 303.
Package textcomp Info: Setting dayroms sub-encoding to TS1/3 on input line 304.

Package textcomp Info: Setting pxr sub-encoding to TS1/0 on input line 305.
Package textcomp Info: Setting pxss sub-encoding to TS1/0 on input line 306.
Package textcomp Info: Setting pxtt sub-encoding to TS1/0 on input line 307.
Package textcomp Info: Setting txr sub-encoding to TS1/0 on input line 308.
Package textcomp Info: Setting txss sub-encoding to TS1/0 on input line 309.
Package textcomp Info: Setting txtt sub-encoding to TS1/0 on input line 310.
Package textcomp Info: Setting lmr sub-encoding to TS1/0 on input line 311.
Package textcomp Info: Setting lmdh sub-encoding to TS1/0 on input line 312.
Package textcomp Info: Setting lmss sub-encoding to TS1/0 on input line 313.
Package textcomp Info: Setting lmssq sub-encoding to TS1/0 on input line 314.
Package textcomp Info: Setting lmvtt sub-encoding to TS1/0 on input line 315.
Package textcomp Info: Setting qhv sub-encoding to TS1/0 on input line 316.
Package textcomp Info: Setting qag sub-encoding to TS1/0 on input line 317.
Package textcomp Info: Setting qbk sub-encoding to TS1/0 on input line 318.
Package textcomp Info: Setting qcr sub-encoding to TS1/0 on input line 319.
Package textcomp Info: Setting qcs sub-encoding to TS1/0 on input line 320.
Package textcomp Info: Setting qpl sub-encoding to TS1/0 on input line 321.
Package textcomp Info: Setting qtm sub-encoding to TS1/0 on input line 322.
Package textcomp Info: Setting qzc sub-encoding to TS1/0 on input line 323.
Package textcomp Info: Setting qhvc sub-encoding to TS1/0 on input line 324.
Package textcomp Info: Setting futs sub-encoding to TS1/4 on input line 325.
Package textcomp Info: Setting futx sub-encoding to TS1/4 on input line 326.
Package textcomp Info: Setting futj sub-encoding to TS1/4 on input line 327.
Package textcomp Info: Setting hlh sub-encoding to TS1/3 on input line 328.
Package textcomp Info: Setting hls sub-encoding to TS1/3 on input line 329.
Package textcomp Info: Setting hlst sub-encoding to TS1/3 on input line 330.
Package textcomp Info: Setting hlct sub-encoding to TS1/5 on input line 331.
Package textcomp Info: Setting hlx sub-encoding to TS1/5 on input line 332.
Package textcomp Info: Setting hlce sub-encoding to TS1/5 on input line 333.
Package textcomp Info: Setting hlcn sub-encoding to TS1/5 on input line 334.
Package textcomp Info: Setting hlcw sub-encoding to TS1/5 on input line 335.
Package textcomp Info: Setting hlcf sub-encoding to TS1/5 on input line 336.
Package textcomp Info: Setting pplx sub-encoding to TS1/3 on input line 337.
Package textcomp Info: Setting pplj sub-encoding to TS1/3 on input line 338.
Package textcomp Info: Setting ptmx sub-encoding to TS1/4 on input line 339.
Package textcomp Info: Setting ptmj sub-encoding to TS1/4 on input line 340.
)
("C:\Program Files\MiKTeX 2.9\tex\latex\setspace\setspace.sty"
Package: setspace 2011/12/19 v6.7a set line spacing
)
("C:\Program Files\MiKTeX 2.9\tex\latex\fancyhdr\fancyhdr.sty"
\fancy@headwidth=\skip46
\f@ncyO@elh=\skip47
\f@ncyO@erh=\skip48
\f@ncyO@olh=\skip49
\f@ncyO@orh=\skip50
\f@ncyO@elf=\skip51
\f@ncyO@erf=\skip52
\f@ncyO@olf=\skip53
\f@ncyO@orf=\skip54
)
("C:\Program Files\MiKTeX 2.9\tex\latex\truncate\truncate.sty"
Package: truncate 2001/08/20  ver 3.6
\@Trunc@RestHyph=\toks22
)
("C:\Program Files\MiKTeX 2.9\tex\latex\nomencl\nomencl.sty"
Package: nomencl 2005/09/22 v4.2 Nomenclature package (LN)
\nomlabelwidth=\dimen120
\nom@tempdim=\dimen121
\nomitemsep=\skip55
)
("C:\Program Files\MiKTeX 2.9\tex\latex\acronym\acronym.sty"
Package: acronym 2012/10/29 v1.38 Support for acronyms (Tobias Oetiker)

("C:\Program Files\MiKTeX 2.9\tex\latex\bigfoot\suffix.sty"
Package: suffix 2006/07/15 1.5 Variant command support
)
("C:\Program Files\MiKTeX 2.9\tex\latex\xstring\xstring.sty"
("C:\Program Files\MiKTeX 2.9\tex\generic\xstring\xstring.tex"
\@xs@message=\write3
\integerpart=\count131
\decimalpart=\count132
)
Package: xstring 2013/2/28  v1.7a  String manipulations (C Tellechea)
)
\AC@clearlist=\toks23
)
("C:\Program Files\MiKTeX 2.9\tex\latex\tools\array.sty"
Package: array 2008/09/09 v2.4c Tabular extension package (FMi)
\col@sep=\dimen122
\extrarowheight=\dimen123
\NC@list=\toks24
\extratabsurround=\skip56
\backup@length=\skip57
)
("C:\Program Files\MiKTeX 2.9\tex\latex\caption\caption.sty"
Package: caption 2013/05/02 v3.3-89 Customizing captions (AR)

("C:\Program Files\MiKTeX 2.9\tex\latex\caption\caption3.sty"
Package: caption3 2013/05/02 v1.6-88 caption3 kernel (AR)
Package caption3 Info: TeX engine: e-TeX on input line 57.
\captionmargin=\dimen124
\captionmargin@=\dimen125
\captionwidth=\dimen126
\caption@tempdima=\dimen127
\caption@indent=\dimen128
\caption@parindent=\dimen129
\caption@hangindent=\dimen130
)
\c@ContinuedFloat=\count133
)
("C:\Program Files\MiKTeX 2.9\tex\latex\caption\subcaption.sty"
Package: subcaption 2013/02/03 v1.1-62 Sub-captions (AR)
\c@subfigure=\count134
\c@subtable=\count135
)
("C:\Program Files\MiKTeX 2.9\tex\latex\subfig\subfig.sty"
Package: subfig 2005/06/28 ver: 1.3 subfig package
\c@KVtest=\count136
\sf@farskip=\skip58
\sf@captopadj=\dimen131
\sf@capskip=\skip59
\sf@nearskip=\skip60
\sf@top=\skip61
\sf@bottom=\skip62
)
("C:\Program Files\MiKTeX 2.9\tex\latex\textcase\textcase.sty"
Package: textcase 2004/10/07 v0.07 Text only upper/lower case changing (DPC)
)
("C:\Program Files\MiKTeX 2.9\tex\latex\listings\listings.sty"
\lst@mode=\count137
\lst@gtempboxa=\box28
\lst@token=\toks25
\lst@length=\count138
\lst@currlwidth=\dimen132
\lst@column=\count139
\lst@pos=\count140
\lst@lostspace=\dimen133
\lst@width=\dimen134
\lst@newlines=\count141
\lst@lineno=\count142
\lst@maxwidth=\dimen135

("C:\Program Files\MiKTeX 2.9\tex\latex\listings\lstmisc.sty"
File: lstmisc.sty 2007/02/22 1.4 (Carsten Heinz)
\c@lstnumber=\count143
\lst@skipnumbers=\count144
\lst@framebox=\box29
)
("C:\Program Files\MiKTeX 2.9\tex\latex\listings\listings.cfg"
File: listings.cfg 2007/02/22 1.4 listings configuration
))
Package: listings 2007/02/22 1.4 (Carsten Heinz)

("C:\Program Files\MiKTeX 2.9\tex\latex\base\makeidx.sty"
Package: makeidx 2000/03/29 v1.0m Standard LaTeX package
)
\@indexfile=\write4

Writing index file ci_report.idx
\@nomenclaturefile=\write5
Writing nomenclature file ci_report.nlo
("C:\Program Files\MiKTeX 2.9\tex\latex\titlesec\titlesec.sty"
Package: titlesec 2011/12/15 v2.10.0 Sectioning titles
\ttl@box=\box30
\beforetitleunit=\skip63
\aftertitleunit=\skip64
\ttl@plus=\dimen136
\ttl@minus=\dimen137
\ttl@toksa=\toks26
\titlewidth=\dimen138
\titlewidthlast=\dimen139
\titlewidthfirst=\dimen140
)
No file ci_report.nls.
("C:\Users\Jeffin Jacob\Documents\GitHub\LogicBaker\final report\ci_report.aux"

LaTeX Warning: Label `r1' multiply defined.


LaTeX Warning: Label `r1' multiply defined.


LaTeX Warning: Label `r1' multiply defined.


LaTeX Warning: Label `r1' multiply defined.


LaTeX Warning: Label `r3' multiply defined.


LaTeX Warning: Label `r1' multiply defined.


LaTeX Warning: Label `r2' multiply defined.


LaTeX Warning: Label `r1' multiply defined.

)
LaTeX Font Info:    Checking defaults for OML/cmm/m/it on input line 53.
LaTeX Font Info:    ... okay on input line 53.
LaTeX Font Info:    Checking defaults for T1/cmr/m/n on input line 53.
LaTeX Font Info:    ... okay on input line 53.
LaTeX Font Info:    Checking defaults for OT1/cmr/m/n on input line 53.
LaTeX Font Info:    ... okay on input line 53.
LaTeX Font Info:    Checking defaults for OMS/cmsy/m/n on input line 53.
LaTeX Font Info:    ... okay on input line 53.
LaTeX Font Info:    Checking defaults for OMX/cmex/m/n on input line 53.
LaTeX Font Info:    ... okay on input line 53.
LaTeX Font Info:    Checking defaults for U/cmr/m/n on input line 53.
LaTeX Font Info:    ... okay on input line 53.
LaTeX Font Info:    Checking defaults for TS1/cmr/m/n on input line 53.
LaTeX Font Info:    Try loading font information for TS1+cmr on input line 53.
 ("C:\Program Files\MiKTeX 2.9\tex\latex\base\ts1cmr.fd"
File: ts1cmr.fd 1999/05/25 v2.5h Standard LaTeX font definitions
)
LaTeX Font Info:    ... okay on input line 53.
LaTeX Font Info:    Try loading font information for OT1+ptm on input line 53.

("C:\Program Files\MiKTeX 2.9\tex\latex\psnfss\ot1ptm.fd"
File: ot1ptm.fd 2001/06/04 font definitions for OT1/ptm.
)
("C:\Program Files\MiKTeX 2.9\tex\context\base\supp-pdf.mkii"
[Loading MPS to PDF converter (version 2006.09.02).]
\scratchcounter=\count145
\scratchdimen=\dimen141
\scratchbox=\box31
\nofMPsegments=\count146
\nofMParguments=\count147
\everyMPshowfont=\toks27
\MPscratchCnt=\count148
\MPscratchDim=\dimen142
\MPnumerator=\count149
\makeMPintoPDFobject=\count150
\everyMPtoPDFconversion=\toks28
)
Package caption Info: Begin \AtBeginDocument code.
Package caption Info: subfig package v1.3 is loaded.
Package caption Info: listings package is loaded.
Package caption Info: End \AtBeginDocument code.
\c@lstlisting=\count151
LaTeX Font Info:    Font shape `OT1/ptm/bx/n' in size <17.28> not available
(Font)              Font shape `OT1/ptm/b/n' tried instead on input line 57.
LaTeX Font Info:    Font shape `OT1/ptm/bx/n' in size <20.74> not available
(Font)              Font shape `OT1/ptm/b/n' tried instead on input line 60.
LaTeX Font Info:    Font shape `OT1/ptm/bx/it' in size <17.28> not available
(Font)              Font shape `OT1/ptm/b/it' tried instead on input line 64.
 <logo.jpg, id=1, 468.24937pt x 441.90094pt>
File: logo.jpg Graphic file (type jpg)
 <use logo.jpg>
Package pdftex.def Info: logo.jpg used on input line 75.
(pdftex.def)             Requested size: 72.26999pt x 68.204pt.
LaTeX Font Info:    Font shape `OT1/ptm/bx/n' in size <14.4> not available
(Font)              Font shape `OT1/ptm/b/n' tried instead on input line 79.
 [1

{C:/ProgramData/MiKTeX/2.9/pdftex/config/pdftex.map} <C:/Users/Jeffin Jacob/Doc
uments/GitHub/LogicBaker/final report/logo.jpg>]
File: logo.jpg Graphic file (type jpg)
 <use logo.jpg>
Package pdftex.def Info: logo.jpg used on input line 114.
(pdftex.def)             Requested size: 72.26999pt x 68.204pt.
 [1]
File: logo.jpg Graphic file (type jpg)
 <use logo.jpg>
Package pdftex.def Info: logo.jpg used on input line 132.
(pdftex.def)             Requested size: 108.405pt x 102.30261pt.
LaTeX Font Info:    Font shape `OT1/ptm/bx/n' in size <12> not available
(Font)              Font shape `OT1/ptm/b/n' tried instead on input line 140.
LaTeX Font Info:    Font shape `OT1/ptm/bx/it' in size <12> not available
(Font)              Font shape `OT1/ptm/b/it' tried instead on input line 140.
 [1]
Underfull \hbox (badness 10000) in paragraph at lines 174--187

 []

[4] [1]
("C:\Users\Jeffin Jacob\Documents\GitHub\LogicBaker\final report\ci_report.toc"
LaTeX Font Info:    Try loading font information for U+msa on input line 2.
("C:\Program Files\MiKTeX 2.9\tex\latex\amsfonts\umsa.fd"
File: umsa.fd 2013/01/14 v3.01 AMS symbols A
)
LaTeX Font Info:    Try loading font information for U+msb on input line 2.

("C:\Program Files\MiKTeX 2.9\tex\latex\amsfonts\umsb.fd"
File: umsb.fd 2013/01/14 v3.01 AMS symbols B
) [2

]

Package Fancyhdr Warning: \headheight is too small (12.0pt): 
 Make it at least 13.59999pt.
 We now make it that large for the rest of the document.
 This may cause the page layout to be inconsistent, however.

[3])
\tf@toc=\write6
 [1]
("C:\Users\Jeffin Jacob\Documents\GitHub\LogicBaker\final report\ci_report.lof"
)
\tf@lof=\write7
 [2

]
Chapter 1.
[1

]
Chapter 2.
Missing character: There is no ‚ in font ptmr7t!
Missing character: There is no Ä in font ptmr7t!
Missing character: There is no ì in font ptmr7t!
[2

]
LaTeX Font Info:    Try loading font information for TS1+ptm on input line 267.

 ("C:\Program Files\MiKTeX 2.9\tex\latex\psnfss\ts1ptm.fd"
File: ts1ptm.fd 2001/06/04 font definitions for TS1/ptm.
) [3]
Overfull \hbox (7.90053pt too wide) in paragraph at lines 277--278
[]\OT1/ptm/m/n/12 It in-te-grates with ver-sion con-trol tools, in-clud-ing Sub
-ver-sion, so that dif-fer-ent projects
 []

[4] [5] [6] <gnt.png, id=54, 445.665pt x 407.27156pt>
File: gnt.png Graphic file (type png)
 <use gnt.png>
Package pdftex.def Info: gnt.png used on input line 329.
(pdftex.def)             Requested size: 490.23302pt x 448.00009pt.

Overfull \hbox (37.26514pt too wide) in paragraph at lines 329--330
 [] 
 []

[7 <C:/Users/Jeffin Jacob/Documents/GitHub/LogicBaker/final report/gnt.png>]
Underfull \hbox (badness 10000) in paragraph at lines 342--344

 []

[8]
Chapter 3.
[9

] [10] [11]
Missing character: There is no Ô in font ptmr7t!
Missing character: There is no ¨ in font ptmr7t!
Missing character: There is no Ç in font ptmr7t!
 <dfd.png, id=73, 352.12404pt x 339.05394pt>
File: dfd.png Graphic file (type png)
 <use dfd.png>
Package pdftex.def Info: dfd.png used on input line 402.
(pdftex.def)             Requested size: 264.09238pt x 254.28983pt.


LaTeX Warning: `h' float specifier changed to `ht'.

[12] <dfd1.png, id=77, 603.75563pt x 176.15813pt>
File: dfd1.png Graphic file (type png)
 <use dfd1.png>
Package pdftex.def Info: dfd1.png used on input line 418.
(pdftex.def)             Requested size: 289.07999pt x 84.34526pt.
 [13 <C:/Users/Jeffin Jacob/Documents/GitHub/LogicBaker/final report/dfd.png> <
C:/Users/Jeffin Jacob/Documents/GitHub/LogicBaker/final report/dfd1.png>]
<dfd2.png, id=83, 656.4525pt x 204.765pt>
File: dfd2.png Graphic file (type png)
 <use dfd2.png>
Package pdftex.def Info: dfd2.png used on input line 428.
(pdftex.def)             Requested size: 289.07999pt x 90.17184pt.
 [14 <C:/Users/Jeffin Jacob/Documents/GitHub/LogicBaker/final report/dfd2.png>]

<dfd3.png, id=88, 840.96pt x 593.928pt>
File: dfd3.png Graphic file (type png)
 <use dfd3.png>
Package pdftex.def Info: dfd3.png used on input line 448.
(pdftex.def)             Requested size: 433.62pt x 306.24336pt.
 [15 <C:/Users/Jeffin Jacob/Documents/GitHub/LogicBaker/final report/dfd3.png (
PNG copy)>]
<flow1.png, id=92, 1195.46625pt x 845.40843pt>
File: flow1.png Graphic file (type png)
 <use flow1.png>
Package pdftex.def Info: flow1.png used on input line 462.
(pdftex.def)             Requested size: 433.62pt x 306.64297pt.
 [16 <C:/Users/Jeffin Jacob/Documents/GitHub/LogicBaker/final report/flow1.png>
]
<pipeline.png, id=98, 1195.46625pt x 845.40843pt>
File: pipeline.png Graphic file (type png)
 <use pipeline.png>
Package pdftex.def Info: pipeline.png used on input line 474.
(pdftex.def)             Requested size: 433.62pt x 306.64297pt.
 [17 <C:/Users/Jeffin Jacob/Documents/GitHub/LogicBaker/final report/pipeline.p
ng>]
<sequence.png, id=103, 352.31625pt x 252.34274pt>
File: sequence.png Graphic file (type png)
 <use sequence.png>
Package pdftex.def Info: sequence.png used on input line 490.
(pdftex.def)             Requested size: 433.62pt x 310.5761pt.
 [18 <C:/Users/Jeffin Jacob/Documents/GitHub/LogicBaker/final report/sequence.p
ng>]
[19]
Chapter 4.
[20

]
Underfull \hbox (badness 10000) in paragraph at lines 511--512

 []


Underfull \hbox (badness 10000) in paragraph at lines 518--519

 []

[21] [22] [23] [24]
Missing character: There is no Ô in font ptmr7t!
Missing character: There is no ¨ in font ptmr7t!
Missing character: There is no Å in font ptmr7t!
Missing character: There is no Ô in font ptmr7t!
Missing character: There is no ¨ in font ptmr7t!
Missing character: There is no Å in font ptmr7t!
 [25] [26] <git.png, id=133, 1028.34187pt x 548.0475pt>
File: git.png Graphic file (type png)

<use git.png>
Package pdftex.def Info: git.png used on input line 583.
(pdftex.def)             Requested size: 483.32076pt x 257.58235pt.

Overfull \hbox (30.35287pt too wide) in paragraph at lines 583--584
 [] 
 []

<remote.png, id=134, 1014.03844pt x 521.69907pt>
File: remote.png Graphic file (type png)
 <use remote.png>
Package pdftex.def Info: remote.png used on input line 591.
(pdftex.def)             Requested size: 476.59813pt x 245.1986pt.

Overfull \hbox (23.63025pt too wide) in paragraph at lines 591--592
 [] 
 []

[27 <C:/Users/Jeffin Jacob/Documents/GitHub/LogicBaker/final report/git.png>]
[28 <C:/Users/Jeffin Jacob/Documents/GitHub/LogicBaker/final report/remote.png>
] <aws.png, id=144, 1028.34187pt x 554.07pt>
File: aws.png Graphic file (type png)
 <use aws.png>
Package pdftex.def Info: aws.png used on input line 605.
(pdftex.def)             Requested size: 483.32076pt x 260.41293pt.

Overfull \hbox (30.35287pt too wide) in paragraph at lines 605--606
 [] 
 []

[29 <C:/Users/Jeffin Jacob/Documents/GitHub/LogicBaker/final report/aws.png>]
<jnks.png, id=148, 1026.83624pt x 526.21594pt>
File: jnks.png Graphic file (type png)
 <use jnks.png>
Package pdftex.def Info: jnks.png used on input line 619.
(pdftex.def)             Requested size: 482.6131pt x 247.32152pt.

Overfull \hbox (29.64522pt too wide) in paragraph at lines 619--620
 [] 
 []

[30 <C:/Users/Jeffin Jacob/Documents/GitHub/LogicBaker/final report/jnks.png>]
<app.png, id=153, 1027.58907pt x 526.96875pt>
File: app.png Graphic file (type png)
 <use app.png>
Package pdftex.def Info: app.png used on input line 630.
(pdftex.def)             Requested size: 482.96693pt x 247.67534pt.

Overfull \hbox (29.99905pt too wide) in paragraph at lines 630--631
 [] 
 []

[31 <C:/Users/Jeffin Jacob/Documents/GitHub/LogicBaker/final report/app.png>]
<hrk.png, id=158, 1027.58907pt x 527.72156pt>
File: hrk.png Graphic file (type png)
 <use hrk.png>
Package pdftex.def Info: hrk.png used on input line 642.
(pdftex.def)             Requested size: 482.96693pt x 248.02916pt.

Overfull \hbox (29.99905pt too wide) in paragraph at lines 642--643
 [] 
 []

[32 <C:/Users/Jeffin Jacob/Documents/GitHub/LogicBaker/final report/hrk.png>]
<app1.png, id=163, 1027.58907pt x 527.72156pt>
File: app1.png Graphic file (type png)
 <use app1.png>
Package pdftex.def Info: app1.png used on input line 654.
(pdftex.def)             Requested size: 482.96693pt x 248.02916pt.

Overfull \hbox (29.99905pt too wide) in paragraph at lines 654--655
 [] 
 []

[33 <C:/Users/Jeffin Jacob/Documents/GitHub/LogicBaker/final report/app1.png>]
<newrelic.png, id=168, 1028.34187pt x 555.57562pt>
File: newrelic.png Graphic file (type png)
 <use newrelic.png>
Package pdftex.def Info: newrelic.png used on input line 666.
(pdftex.def)             Requested size: 483.32076pt x 261.12057pt.

Overfull \hbox (30.35287pt too wide) in paragraph at lines 666--667
 [] 
 []

[34 <C:/Users/Jeffin Jacob/Documents/GitHub/LogicBaker/final report/newrelic.pn
g>]
Chapter 5.

Underfull \hbox (badness 10000) in paragraph at lines 676--677

 []


Underfull \hbox (badness 10000) in paragraph at lines 677--678

 []


Underfull \hbox (badness 10000) in paragraph at lines 683--684

 []

Missing character: There is no ‚ in font ptmr7t!
Missing character: There is no Ä in font ptmr7t!
Missing character: There is no ú in font ptmr7t!
Missing character: There is no ‚ in font ptmr7t!
Missing character: There is no Ä in font ptmr7t!
Missing character: There is no ù in font ptmr7t!

Underfull \hbox (badness 10000) in paragraph at lines 684--685

 []

[35

]
Underfull \hbox (badness 10000) in paragraph at lines 693--694

 []

[36]
Underfull \hbox (badness 10000) in paragraph at lines 703--704

 []


Underfull \hbox (badness 10000) in paragraph at lines 705--706

 []

[37] [38] [39]
Overfull \hbox (62.03209pt too wide) in paragraph at lines 735--753
 [][] 
 []

[40]
Chapter 6.
Missing character: There is no ‚ in font ptmr7t!
Missing character: There is no Ä in font ptmr7t!
Missing character: There is no ú in font ptmr7t!
Missing character: There is no ‚ in font ptmr7t!
Missing character: There is no Ä in font ptmr7t!
Missing character: There is no ù in font ptmr7t!
[41

]
Chapter 7.
[42

]
LaTeX Font Info:    Try loading font information for OT1+pcr on input line 784.

 ("C:\Program Files\MiKTeX 2.9\tex\latex\psnfss\ot1pcr.fd"
File: ot1pcr.fd 2001/06/04 font definitions for OT1/pcr.
)
Missing character: There is no ‚ in font ptmr7t!
Missing character: There is no Ä in font ptmr7t!
Missing character: There is no ì in font ptmr7t!
 [43

] [44]
[45

]
LaTeX Font Info:    Try loading font information for OMS+ptm on input line 824.

 ("C:\Program Files\MiKTeX 2.9\tex\latex\psnfss\omsptm.fd"
File: omsptm.fd 
)
LaTeX Font Info:    Font shape `OMS/ptm/m/n' in size <14.4> not available
(Font)              Font shape `OMS/cmsy/m/n' tried instead on input line 824.

Overfull \hbox (65.43666pt too wide) in paragraph at lines 844--845
[][][][][][][][][][][][][][][][][][][] 
 []

[46

]
Overfull \hbox (65.43666pt too wide) in paragraph at lines 861--862
[][][][][][][][][][][][][][][][][][][] 
 []


Overfull \hbox (56.79659pt too wide) in paragraph at lines 879--880
[][][][][][][][][][][][][][][][][][][] 
 []

[47]
Overfull \hbox (13.5962pt too wide) in paragraph at lines 896--898
[][][][][][][][][][][][][][][][][][] 
 []

[48]
LaTeX Font Info:    Try loading font information for OML+ptm on input line 925.

 ("C:\Program Files\MiKTeX 2.9\tex\latex\psnfss\omlptm.fd"
File: omlptm.fd 
)
LaTeX Font Info:    Font shape `OML/ptm/m/n' in size <14.4> not available
(Font)              Font shape `OML/cmm/m/it' tried instead on input line 925.
 [49] [50]
[51

] [52

]
("C:\Users\Jeffin Jacob\Documents\GitHub\LogicBaker\final report\ci_report.aux"
)

LaTeX Warning: There were multiply-defined labels.

 )
(\end occurred inside a group at level 1)

### simple group (level 1) entered at line 194 ({)
### bottom level 
Here is how much of TeX's memory you used:
 7204 strings out of 493921
 103362 string characters out of 3147262
 178890 words of memory out of 3000000
 10323 multiletter control sequences out of 15000+200000
 34195 words of font info for 75 fonts, out of 3000000 for 9000
 841 hyphenation exceptions out of 8191
 37i,14n,43p,1270b,1736s stack positions out of 5000i,500n,10000p,200000b,50000s
{C:/Program Files/MiKTeX 2.9/fonts/enc/dvips/fontname/8r.enc}<C
:/Program Files/MiKTeX 2.9/fonts/type1/public/amsfonts/cm/cmmi12.pfb><C:/Progra
m Files/MiKTeX 2.9/fonts/type1/public/amsfonts/cm/cmsy10.pfb><C:/Program Files/
MiKTeX 2.9/fonts/type1/urw/courier/ucrr8a.pfb><C:/Program Files/MiKTeX 2.9/font
s/type1/urw/times/utmb8a.pfb><C:/Program Files/MiKTeX 2.9/fonts/type1/urw/times
/utmbi8a.pfb><C:/Program Files/MiKTeX 2.9/fonts/type1/urw/times/utmr8a.pfb><C:/
Program Files/MiKTeX 2.9/fonts/type1/urw/times/utmri8a.pfb>
Output written on ci_report.pdf (61 pages, 1145838 bytes).
PDF statistics:
 259 PDF objects out of 1000 (max. 8388607)
 0 named destinations out of 1000 (max. 500000)
 86 words of extra memory for PDF output out of 10000 (max. 10000000)

